<?xml version="1.0" encoding="UTF-8"?>
<!-- Generated by org.testng.reporters.JUnitReportReporter -->
<testsuite skipped="0" hostname="DESKTOP-UMH370E" name="com.nopcommerce.testCases.TC_LoginTest_001" tests="1" failures="0" timestamp="17 Mar 2021 18:19:03 GMT" time="12.543" errors="0">
  <testcase name="loginTest" time="12.543" classname="com.nopcommerce.testCases.TC_LoginTest_001"/>
</testsuite> <!-- com.nopcommerce.testCases.TC_LoginTest_001 -->
